<?xml version="1.0" encoding="UTF-8"?>
<robot generator="Robot 7.2 (Python 3.12.7 on win32)" generated="2025-01-30T10:57:06.660592" rpa="false" schemaversion="5">
<suite id="s1" name="Test" source="C:\Users\Admin\Projects\rbf_book\Sources\Sources_rbf_livre\Chapitre6\section4\test.robot">
<test id="s1-t1" name="testcase1" line="6">
<kw name="Open Browser" owner="SeleniumLibrary">
<msg time="2025-01-30T10:57:06.847033" level="INFO">Opening browser 'chrome' to base url 'https://google.Com'.</msg>
<arg>https://google.Com</arg>
<arg>chrome</arg>
<doc>Opens a new browser instance to the optional ``url``.</doc>
<status status="PASS" start="2025-01-30T10:57:06.847033" elapsed="2.281207"/>
</kw>
<kw name="Maximize Browser Window" owner="SeleniumLibrary">
<doc>Maximizes current browser window.</doc>
<status status="PASS" start="2025-01-30T10:57:09.128240" elapsed="0.052370"/>
</kw>
<kw name="Wait Until Page Contains" owner="SeleniumLibrary">
<arg>Google</arg>
<doc>Waits until ``text`` appears on the current page.</doc>
<status status="PASS" start="2025-01-30T10:57:09.180610" elapsed="0.016512"/>
</kw>
<kw name="Close Browser" owner="SeleniumLibrary" type="TEARDOWN">
<doc>Closes the current browser.</doc>
<status status="PASS" start="2025-01-30T10:57:09.197122" elapsed="2.144419"/>
</kw>
<status status="PASS" start="2025-01-30T10:57:06.846171" elapsed="4.495370"/>
</test>
<test id="s1-t2" name="testcase2" line="11">
<kw name="Open Browser" owner="SeleniumLibrary">
<msg time="2025-01-30T10:57:11.344013" level="INFO">Opening browser 'chrome' to base url 'https://google.Com'.</msg>
<arg>https://google.Com</arg>
<arg>chrome</arg>
<doc>Opens a new browser instance to the optional ``url``.</doc>
<status status="PASS" start="2025-01-30T10:57:11.344013" elapsed="1.666251"/>
</kw>
<kw name="Maximize Browser Window" owner="SeleniumLibrary">
<doc>Maximizes current browser window.</doc>
<status status="PASS" start="2025-01-30T10:57:13.011264" elapsed="0.718338"/>
</kw>
<kw name="Wait Until Page Contains" owner="SeleniumLibrary">
<msg time="2025-01-30T10:57:18.872709" level="INFO" html="true">&lt;/td&gt;&lt;/tr&gt;&lt;tr&gt;&lt;td colspan="3"&gt;&lt;a href="selenium-screenshot-1.png"&gt;&lt;img src="selenium-screenshot-1.png" width="800px"&gt;&lt;/a&gt;</msg>
<msg time="2025-01-30T10:57:18.873716" level="FAIL">Text 'Gogle' did not appear in 5 seconds.</msg>
<arg>Gogle</arg>
<doc>Waits until ``text`` appears on the current page.</doc>
<status status="FAIL" start="2025-01-30T10:57:13.740632" elapsed="5.135555">Text 'Gogle' did not appear in 5 seconds.</status>
</kw>
<kw name="Close Browser" owner="SeleniumLibrary" type="TEARDOWN">
<doc>Closes the current browser.</doc>
<status status="PASS" start="2025-01-30T10:57:18.876187" elapsed="2.132440"/>
</kw>
<status status="FAIL" start="2025-01-30T10:57:11.343048" elapsed="9.665579">Text 'Gogle' did not appear in 5 seconds.</status>
</test>
<test id="s1-t3" name="testcase3" line="16">
<kw name="Open Browser" owner="SeleniumLibrary">
<msg time="2025-01-30T10:57:21.011303" level="INFO">Opening browser 'chrome' to base url 'https://github.Com'.</msg>
<arg>https://github.Com</arg>
<arg>chrome</arg>
<doc>Opens a new browser instance to the optional ``url``.</doc>
<status status="PASS" start="2025-01-30T10:57:21.011303" elapsed="3.571882"/>
</kw>
<kw name="Maximize Browser Window" owner="SeleniumLibrary">
<doc>Maximizes current browser window.</doc>
<status status="PASS" start="2025-01-30T10:57:24.583185" elapsed="0.126814"/>
</kw>
<kw name="Wait Until Page Contains" owner="SeleniumLibrary">
<arg>Sign in</arg>
<doc>Waits until ``text`` appears on the current page.</doc>
<status status="PASS" start="2025-01-30T10:57:24.712759" elapsed="0.505683"/>
</kw>
<kw name="Close Browser" owner="SeleniumLibrary" type="TEARDOWN">
<doc>Closes the current browser.</doc>
<status status="PASS" start="2025-01-30T10:57:25.218442" elapsed="3.186246"/>
</kw>
<status status="PASS" start="2025-01-30T10:57:21.010298" elapsed="7.394390"/>
</test>
<test id="s1-t4" name="testcase4" line="21">
<kw name="Open Browser" owner="SeleniumLibrary">
<msg time="2025-01-30T10:57:28.408448" level="INFO">Opening browser 'chrome' to base url 'https://google.Com'.</msg>
<arg>https://google.Com</arg>
<arg>chrome</arg>
<doc>Opens a new browser instance to the optional ``url``.</doc>
<status status="PASS" start="2025-01-30T10:57:28.408448" elapsed="1.601796"/>
</kw>
<kw name="Maximize Browser Window" owner="SeleniumLibrary">
<doc>Maximizes current browser window.</doc>
<status status="PASS" start="2025-01-30T10:57:30.010244" elapsed="0.588391"/>
</kw>
<kw name="Wait Until Page Contains" owner="SeleniumLibrary">
<msg time="2025-01-30T10:57:35.921702" level="INFO" html="true">&lt;/td&gt;&lt;/tr&gt;&lt;tr&gt;&lt;td colspan="3"&gt;&lt;a href="selenium-screenshot-2.png"&gt;&lt;img src="selenium-screenshot-2.png" width="800px"&gt;&lt;/a&gt;</msg>
<msg time="2025-01-30T10:57:35.922710" level="FAIL">Text 'Sgn in' did not appear in 5 seconds.</msg>
<arg>Sgn in</arg>
<doc>Waits until ``text`` appears on the current page.</doc>
<status status="FAIL" start="2025-01-30T10:57:30.598635" elapsed="5.324075">Text 'Sgn in' did not appear in 5 seconds.</status>
</kw>
<kw name="Close Browser" owner="SeleniumLibrary" type="TEARDOWN">
<doc>Closes the current browser.</doc>
<status status="PASS" start="2025-01-30T10:57:35.922710" elapsed="2.201665"/>
</kw>
<status status="FAIL" start="2025-01-30T10:57:28.407447" elapsed="9.717558">Text 'Sgn in' did not appear in 5 seconds.</status>
</test>
<status status="FAIL" start="2025-01-30T10:57:06.669025" elapsed="31.458999"/>
</suite>
<statistics>
<total>
<stat pass="2" fail="2" skip="0">All Tests</stat>
</total>
<tag>
</tag>
<suite>
<stat name="Test" id="s1" pass="2" fail="2" skip="0">Test</stat>
</suite>
</statistics>
<errors>
</errors>
</robot>
