<?xml version="1.0" encoding="UTF-8"?>
<robot generator="Robot 7.1 (Python 3.11.9 on win32)" generated="2024-11-18T15:17:17.467749" rpa="false" schemaversion="5">
<suite id="s1" name="Section7.1" source="C:\Users\Admin\Projects\rbf_book\Sources\tests\section7.1">
<suite id="s1-s1" name="ENI Project section7.1 excel" source="C:\Users\Admin\Projects\rbf_book\Sources\tests\section7.1\ENI_Project_section7.1_excel.robot">
<test id="s1-s1-t1" name="Test Case" line="6">
<kw name="Verify Login">
<kw name="Log" owner="BuiltIn">
<msg time="2024-11-18T15:17:17.700982" level="INFO">Username: test</msg>
<arg>Username: ${Username}</arg>
<doc>Logs the given message with the given level.</doc>
<status status="PASS" start="2024-11-18T15:17:17.700982" elapsed="0.000000"/>
</kw>
<kw name="Log" owner="BuiltIn">
<msg time="2024-11-18T15:17:17.702020" level="INFO">Password: test</msg>
<arg>Password: ${Password}</arg>
<doc>Logs the given message with the given level.</doc>
<status status="PASS" start="2024-11-18T15:17:17.700982" elapsed="0.001038"/>
</kw>
<kw name="Log" owner="BuiltIn">
<msg time="2024-11-18T15:17:17.702020" level="INFO">Role: test</msg>
<arg>Role: ${Role}</arg>
<doc>Logs the given message with the given level.</doc>
<status status="PASS" start="2024-11-18T15:17:17.702020" elapsed="0.000988"/>
</kw>
<arg>test</arg>
<arg>test</arg>
<arg>test</arg>
<status status="PASS" start="2024-11-18T15:17:17.700592" elapsed="0.002416"/>
</kw>
<status status="PASS" start="2024-11-18T15:17:17.699100" elapsed="0.003908"/>
</test>
<status status="PASS" start="2024-11-18T15:17:17.491421" elapsed="0.212587"/>
</suite>
<status status="PASS" start="2024-11-18T15:17:17.471748" elapsed="0.232586"/>
</suite>
<statistics>
<total>
<stat pass="1" fail="0" skip="0">All Tests</stat>
</total>
<tag>
</tag>
<suite>
<stat pass="1" fail="0" skip="0" id="s1" name="Section7.1">Section7.1</stat>
<stat pass="1" fail="0" skip="0" id="s1-s1" name="ENI Project section7.1 excel">Section7.1.ENI Project section7.1 excel</stat>
</suite>
</statistics>
<errors>
<msg time="2024-11-18T15:17:17.683475" level="ERROR">[ DataDriver ] Error in robot file:
  File "C:\Users\Admin\Projects\rbf_book\Sources\tests\section7.1\ENI_Project_section7.1_excel.robot", line 0</msg>
<msg time="2024-11-18T15:17:17.683475" level="ERROR">In source file:
  File "test.xlsx", line 0</msg>
<msg time="2024-11-18T15:17:17.683475" level="ERROR">Calling method '_start_suite' of listener 'DataDriver' failed: ImportError: Requirements (pandas, openpyxl) for XLSX support are not installed.
    Use 'pip install -U robotframework-datadriver[XLS]' to install XLSX support.</msg>
</errors>
</robot>
