<?xml version="1.0" encoding="UTF-8"?>
<robot generator="Robot 7.1 (Python 3.11.9 on win32)" generated="2024-11-19T17:37:57.464750" rpa="false" schemaversion="5">
<suite id="s1" name="Section7.6" source="C:\Users\Admin\Projects\rbf_book\Sources\tests\section7.6">
<suite id="s1-s1" name="Virement Bancaire Datadriver" source="C:\Users\Admin\Projects\rbf_book\Sources\tests\section7.6\virement_bancaire_datadriver.robot">
<test id="s1-s1-t1" name="test1" line="8">
<kw name="Effectuer Virement">
<kw name="Vérifier Compte Source" owner="actions">
<kw name="Log" owner="BuiltIn">
<msg time="2024-11-19T17:37:57.538861" level="INFO">Vérification du compte source : particulier</msg>
<arg>Vérification du compte source : ${compte_source}</arg>
<doc>Logs the given message with the given level.</doc>
<status status="PASS" start="2024-11-19T17:37:57.538861" elapsed="0.001000"/>
</kw>
<arg>${compte_source}</arg>
<status status="PASS" start="2024-11-19T17:37:57.538861" elapsed="0.001000"/>
</kw>
<kw name="Vérifier Compte Cible" owner="actions">
<kw name="Log" owner="BuiltIn">
<msg time="2024-11-19T17:37:57.540898" level="INFO">Vérification du compte cible : pro</msg>
<arg>Vérification du compte cible : ${compte_cible}</arg>
<doc>Logs the given message with the given level.</doc>
<status status="PASS" start="2024-11-19T17:37:57.539861" elapsed="0.001676"/>
</kw>
<arg>${compte_cible}</arg>
<status status="PASS" start="2024-11-19T17:37:57.539861" elapsed="0.001676"/>
</kw>
<kw name="Simuler Virement" owner="actions">
<kw name="Log" owner="BuiltIn">
<msg time="2024-11-19T17:37:57.542991" level="INFO">Simuler un virement de 1000 de particulier à pro</msg>
<arg>Simuler un virement de ${montant} de ${compte_source} à ${compte_cible}</arg>
<doc>Logs the given message with the given level.</doc>
<status status="PASS" start="2024-11-19T17:37:57.542077" elapsed="0.000914"/>
</kw>
<arg>${compte_source}</arg>
<arg>${compte_cible}</arg>
<arg>${montant}</arg>
<status status="PASS" start="2024-11-19T17:37:57.541537" elapsed="0.001454"/>
</kw>
<kw name="Vérifier Résultat" owner="actions">
<kw name="Log" owner="BuiltIn">
<msg time="2024-11-19T17:37:57.544524" level="INFO">Vérification du résultat du virement de 1000 de particulier à pro</msg>
<arg>Vérification du résultat du virement de ${montant} de ${compte_source} à ${compte_cible}</arg>
<doc>Logs the given message with the given level.</doc>
<status status="PASS" start="2024-11-19T17:37:57.544524" elapsed="0.000000"/>
</kw>
<arg>${compte_source}</arg>
<arg>${compte_cible}</arg>
<arg>${montant}</arg>
<status status="PASS" start="2024-11-19T17:37:57.542991" elapsed="0.002533"/>
</kw>
<arg>compte_source=particulier</arg>
<arg>compte_cible=pro</arg>
<arg>montant=1000</arg>
<status status="PASS" start="2024-11-19T17:37:57.537853" elapsed="0.007671"/>
</kw>
<status status="PASS" start="2024-11-19T17:37:57.534345" elapsed="0.011431"/>
</test>
<test id="s1-s1-t2" name="test2" line="8">
<kw name="Effectuer Virement">
<kw name="Vérifier Compte Source" owner="actions">
<kw name="Log" owner="BuiltIn">
<msg time="2024-11-19T17:37:57.548480" level="INFO">Vérification du compte source : livret_a</msg>
<arg>Vérification du compte source : ${compte_source}</arg>
<doc>Logs the given message with the given level.</doc>
<status status="PASS" start="2024-11-19T17:37:57.548480" elapsed="0.000000"/>
</kw>
<arg>${compte_source}</arg>
<status status="PASS" start="2024-11-19T17:37:57.548480" elapsed="0.000000"/>
</kw>
<kw name="Vérifier Compte Cible" owner="actions">
<kw name="Log" owner="BuiltIn">
<msg time="2024-11-19T17:37:57.550456" level="INFO">Vérification du compte cible : pro</msg>
<arg>Vérification du compte cible : ${compte_cible}</arg>
<doc>Logs the given message with the given level.</doc>
<status status="PASS" start="2024-11-19T17:37:57.550281" elapsed="0.000175"/>
</kw>
<arg>${compte_cible}</arg>
<status status="PASS" start="2024-11-19T17:37:57.548480" elapsed="0.001976"/>
</kw>
<kw name="Simuler Virement" owner="actions">
<kw name="Log" owner="BuiltIn">
<msg time="2024-11-19T17:37:57.551456" level="INFO">Simuler un virement de 500 de livret_a à pro</msg>
<arg>Simuler un virement de ${montant} de ${compte_source} à ${compte_cible}</arg>
<doc>Logs the given message with the given level.</doc>
<status status="PASS" start="2024-11-19T17:37:57.551456" elapsed="0.000000"/>
</kw>
<arg>${compte_source}</arg>
<arg>${compte_cible}</arg>
<arg>${montant}</arg>
<status status="PASS" start="2024-11-19T17:37:57.550456" elapsed="0.001000"/>
</kw>
<kw name="Vérifier Résultat" owner="actions">
<kw name="Log" owner="BuiltIn">
<msg time="2024-11-19T17:37:57.553193" level="INFO">Vérification du résultat du virement de 500 de livret_a à pro</msg>
<arg>Vérification du résultat du virement de ${montant} de ${compte_source} à ${compte_cible}</arg>
<doc>Logs the given message with the given level.</doc>
<status status="PASS" start="2024-11-19T17:37:57.552488" elapsed="0.000705"/>
</kw>
<arg>${compte_source}</arg>
<arg>${compte_cible}</arg>
<arg>${montant}</arg>
<status status="PASS" start="2024-11-19T17:37:57.551456" elapsed="0.001737"/>
</kw>
<arg>compte_source=livret_a</arg>
<arg>compte_cible=pro</arg>
<arg>montant=500</arg>
<status status="PASS" start="2024-11-19T17:37:57.548480" elapsed="0.005513"/>
</kw>
<status status="PASS" start="2024-11-19T17:37:57.546930" elapsed="0.007340"/>
</test>
<test id="s1-s1-t3" name="test3" line="8">
<kw name="Effectuer Virement">
<kw name="Vérifier Compte Source" owner="actions">
<kw name="Log" owner="BuiltIn">
<msg time="2024-11-19T17:37:57.556182" level="INFO">Vérification du compte source : courant</msg>
<arg>Vérification du compte source : ${compte_source}</arg>
<doc>Logs the given message with the given level.</doc>
<status status="PASS" start="2024-11-19T17:37:57.556182" elapsed="0.001041"/>
</kw>
<arg>${compte_source}</arg>
<status status="PASS" start="2024-11-19T17:37:57.556182" elapsed="0.001041"/>
</kw>
<kw name="Vérifier Compte Cible" owner="actions">
<kw name="Log" owner="BuiltIn">
<msg time="2024-11-19T17:37:57.557223" level="INFO">Vérification du compte cible : livret_a</msg>
<arg>Vérification du compte cible : ${compte_cible}</arg>
<doc>Logs the given message with the given level.</doc>
<status status="PASS" start="2024-11-19T17:37:57.557223" elapsed="0.000964"/>
</kw>
<arg>${compte_cible}</arg>
<status status="PASS" start="2024-11-19T17:37:57.557223" elapsed="0.000964"/>
</kw>
<kw name="Simuler Virement" owner="actions">
<kw name="Log" owner="BuiltIn">
<msg time="2024-11-19T17:37:57.558187" level="INFO">Simuler un virement de 200 de courant à livret_a</msg>
<arg>Simuler un virement de ${montant} de ${compte_source} à ${compte_cible}</arg>
<doc>Logs the given message with the given level.</doc>
<status status="PASS" start="2024-11-19T17:37:57.558187" elapsed="0.001531"/>
</kw>
<arg>${compte_source}</arg>
<arg>${compte_cible}</arg>
<arg>${montant}</arg>
<status status="PASS" start="2024-11-19T17:37:57.558187" elapsed="0.001531"/>
</kw>
<kw name="Vérifier Résultat" owner="actions">
<kw name="Log" owner="BuiltIn">
<msg time="2024-11-19T17:37:57.559718" level="INFO">Vérification du résultat du virement de 200 de courant à livret_a</msg>
<arg>Vérification du résultat du virement de ${montant} de ${compte_source} à ${compte_cible}</arg>
<doc>Logs the given message with the given level.</doc>
<status status="PASS" start="2024-11-19T17:37:57.559718" elapsed="0.000000"/>
</kw>
<arg>${compte_source}</arg>
<arg>${compte_cible}</arg>
<arg>${montant}</arg>
<status status="PASS" start="2024-11-19T17:37:57.559718" elapsed="0.000000"/>
</kw>
<arg>compte_source=courant</arg>
<arg>compte_cible=livret_a</arg>
<arg>montant=200</arg>
<status status="PASS" start="2024-11-19T17:37:57.556182" elapsed="0.003536"/>
</kw>
<status status="PASS" start="2024-11-19T17:37:57.555073" elapsed="0.004645"/>
</test>
<test id="s1-s1-t4" name="test4" line="8">
<kw name="Effectuer Virement">
<kw name="Vérifier Compte Source" owner="actions">
<kw name="Log" owner="BuiltIn">
<msg time="2024-11-19T17:37:57.559718" level="INFO">Vérification du compte source : pro</msg>
<arg>Vérification du compte source : ${compte_source}</arg>
<doc>Logs the given message with the given level.</doc>
<status status="PASS" start="2024-11-19T17:37:57.559718" elapsed="0.000000"/>
</kw>
<arg>${compte_source}</arg>
<status status="PASS" start="2024-11-19T17:37:57.559718" elapsed="0.000000"/>
</kw>
<kw name="Vérifier Compte Cible" owner="actions">
<kw name="Log" owner="BuiltIn">
<msg time="2024-11-19T17:37:57.559718" level="INFO">Vérification du compte cible : epargne</msg>
<arg>Vérification du compte cible : ${compte_cible}</arg>
<doc>Logs the given message with the given level.</doc>
<status status="PASS" start="2024-11-19T17:37:57.559718" elapsed="0.000000"/>
</kw>
<arg>${compte_cible}</arg>
<status status="PASS" start="2024-11-19T17:37:57.559718" elapsed="0.000000"/>
</kw>
<kw name="Simuler Virement" owner="actions">
<kw name="Log" owner="BuiltIn">
<msg time="2024-11-19T17:37:57.559718" level="INFO">Simuler un virement de 3000 de pro à epargne</msg>
<arg>Simuler un virement de ${montant} de ${compte_source} à ${compte_cible}</arg>
<doc>Logs the given message with the given level.</doc>
<status status="PASS" start="2024-11-19T17:37:57.559718" elapsed="0.000000"/>
</kw>
<arg>${compte_source}</arg>
<arg>${compte_cible}</arg>
<arg>${montant}</arg>
<status status="PASS" start="2024-11-19T17:37:57.559718" elapsed="0.000000"/>
</kw>
<kw name="Vérifier Résultat" owner="actions">
<kw name="Log" owner="BuiltIn">
<msg time="2024-11-19T17:37:57.559718" level="INFO">Vérification du résultat du virement de 3000 de pro à epargne</msg>
<arg>Vérification du résultat du virement de ${montant} de ${compte_source} à ${compte_cible}</arg>
<doc>Logs the given message with the given level.</doc>
<status status="PASS" start="2024-11-19T17:37:57.559718" elapsed="0.000000"/>
</kw>
<arg>${compte_source}</arg>
<arg>${compte_cible}</arg>
<arg>${montant}</arg>
<status status="PASS" start="2024-11-19T17:37:57.559718" elapsed="0.000000"/>
</kw>
<arg>compte_source=pro</arg>
<arg>compte_cible=epargne</arg>
<arg>montant=3000</arg>
<status status="PASS" start="2024-11-19T17:37:57.559718" elapsed="0.007874"/>
</kw>
<status status="PASS" start="2024-11-19T17:37:57.559718" elapsed="0.007925"/>
</test>
<status status="PASS" start="2024-11-19T17:37:57.495044" elapsed="0.074600"/>
</suite>
<status status="PASS" start="2024-11-19T17:37:57.472149" elapsed="0.098554"/>
</suite>
<statistics>
<total>
<stat pass="4" fail="0" skip="0">All Tests</stat>
</total>
<tag>
</tag>
<suite>
<stat pass="4" fail="0" skip="0" id="s1" name="Section7.6">Section7.6</stat>
<stat pass="4" fail="0" skip="0" id="s1-s1" name="Virement Bancaire Datadriver">Section7.6.Virement Bancaire Datadriver</stat>
</suite>
</statistics>
<errors>
</errors>
</robot>
