<?xml version="1.0" encoding="UTF-8"?>
<robot generator="Robot 7.2 (Python 3.12.7 on win32)" generated="2025-01-30T16:12:45.475417" rpa="false" schemaversion="5">
<suite id="s1" name="Search Functionality" source="C:\Users\Admin\Projects\rbf_book\Sources\Sources_rbf_livre\Chapitre6\section6\search.feature">
<test id="s1-t1" name="Successful Search" line="4">
<kw name="Given The user is on the homepage" owner="search">
<kw name="Log" owner="BuiltIn">
<msg time="2025-01-30T16:12:45.490115" level="INFO">the user is on the homepage</msg>
<arg>the user is on the homepage</arg>
<doc>Logs the given message with the given level.</doc>
<status status="PASS" start="2025-01-30T16:12:45.490115" elapsed="0.000000"/>
</kw>
<status status="PASS" start="2025-01-30T16:12:45.490115" elapsed="0.000000"/>
</kw>
<kw name="When The user enters a valid search query" owner="search">
<kw name="Log" owner="BuiltIn">
<msg time="2025-01-30T16:12:45.490115" level="INFO">the user enters a valid search query</msg>
<arg>the user enters a valid search query</arg>
<doc>Logs the given message with the given level.</doc>
<status status="PASS" start="2025-01-30T16:12:45.490115" elapsed="0.000000"/>
</kw>
<status status="PASS" start="2025-01-30T16:12:45.490115" elapsed="0.000000"/>
</kw>
<kw name="Then The results should match the entered text" owner="search">
<kw name="Log" owner="BuiltIn">
<msg time="2025-01-30T16:12:45.490115" level="INFO">the results should match the entered text</msg>
<arg>the results should match the entered text</arg>
<doc>Logs the given message with the given level.</doc>
<status status="PASS" start="2025-01-30T16:12:45.490115" elapsed="0.000000"/>
</kw>
<status status="PASS" start="2025-01-30T16:12:45.490115" elapsed="0.000000"/>
</kw>
<status status="PASS" start="2025-01-30T16:12:45.490115" elapsed="0.000000"/>
</test>
<status status="PASS" start="2025-01-30T16:12:45.476879" elapsed="0.022823"/>
</suite>
<statistics>
<total>
<stat pass="1" fail="0" skip="0">All Tests</stat>
</total>
<tag>
</tag>
<suite>
<stat name="Search Functionality" id="s1" pass="1" fail="0" skip="0">Search Functionality</stat>
</suite>
</statistics>
<errors>
</errors>
</robot>
