<?xml version="1.0" encoding="UTF-8"?>
<robot generator="Robot 7.1 (Python 3.11.9 on win32)" generated="2024-11-18T14:32:20.914201" rpa="false" schemaversion="5">
<suite id="s1" name="ENI Project section7.1" source="C:\Users\Admin\Projects\rbf_book\Sources\tests\section7.1\ENI_Project_section7.1.robot">
<test id="s1-t1" name="access list yaml" line="13">
<kw name="Log" owner="BuiltIn">
<msg time="2024-11-18T14:32:21.039656" level="INFO">user1</msg>
<arg>${users}[0]</arg>
<doc>Logs the given message with the given level.</doc>
<status status="PASS" start="2024-11-18T14:32:21.039656" elapsed="0.000000"/>
</kw>
<kw name="Log" owner="BuiltIn">
<msg time="2024-11-18T14:32:21.039656" level="INFO">user2</msg>
<arg>${users}[1]</arg>
<doc>Logs the given message with the given level.</doc>
<status status="PASS" start="2024-11-18T14:32:21.039656" elapsed="0.000000"/>
</kw>
<kw name="Log" owner="BuiltIn">
<msg time="2024-11-18T14:32:21.039656" level="INFO">user3</msg>
<arg>${users}[2]</arg>
<doc>Logs the given message with the given level.</doc>
<status status="PASS" start="2024-11-18T14:32:21.039656" elapsed="0.000000"/>
</kw>
<status status="PASS" start="2024-11-18T14:32:21.039656" elapsed="0.000000"/>
</test>
<status status="PASS" start="2024-11-18T14:32:20.914201" elapsed="0.125455"/>
</suite>
<statistics>
<total>
<stat pass="1" fail="0" skip="0">All Tests</stat>
</total>
<tag>
</tag>
<suite>
<stat pass="1" fail="0" skip="0" id="s1" name="ENI Project section7.1">ENI Project section7.1</stat>
</suite>
</statistics>
<errors>
</errors>
</robot>
