<?xml version="1.0" encoding="UTF-8"?>
<robot generator="Robot 7.1 (Python 3.11.9 on win32)" generated="2024-11-22T16:11:18.060409" rpa="false" schemaversion="5">
<suite id="s1" name="Batteur" source="C:\Users\Admin\Projects\rbf_book\Sources\tests\section8.3\approche1_listener\batteur.robot">
<test id="s1-t1" name="Jouer" line="8">
<kw name="Acceder a Musicca Batterie" owner="rythmes">
<kw name="Open Browser" owner="SeleniumLibrary">
<msg time="2024-11-22T16:11:20.811742" level="INFO">Opening browser 'chrome' to base url 'https://www.musicca.com/fr/batterie/'.</msg>
<arg>https://www.musicca.com/fr/batterie/</arg>
<arg>chrome</arg>
<doc>Opens a new browser instance to the optional ``url``.</doc>
<status status="PASS" start="2024-11-22T16:11:20.811742" elapsed="2.551011"/>
</kw>
<kw name="Maximize Browser Window" owner="SeleniumLibrary">
<doc>Maximizes current browser window.</doc>
<status status="PASS" start="2024-11-22T16:11:23.362753" elapsed="0.035858"/>
</kw>
<status status="PASS" start="2024-11-22T16:11:20.810654" elapsed="2.587957"/>
</kw>
<kw name="Accepter Cookies" owner="BatterieMusicca">
<status status="PASS" start="2024-11-22T16:11:23.398611" elapsed="0.407797"/>
</kw>
<for flavor="IN RANGE">
<iter>
<kw name="Executer Rythme Aleatoire" owner="BatterieMusicca">
<kw name="Rythme_Generated_by_AI_1" owner="rythmes">
<kw name="Hi Hat Ferme" owner="BatterieMusicca">
<status status="PASS" start="2024-11-22T16:11:23.807423" elapsed="0.102645"/>
</kw>
<kw name="Grosse Caisse" owner="BatterieMusicca">
<status status="PASS" start="2024-11-22T16:11:23.910068" elapsed="0.101450"/>
</kw>
<kw name="bpm" owner="rythmes">
<kw name="Sleep" owner="BuiltIn">
<msg time="2024-11-22T16:11:24.344747" level="INFO">Slept 333 milliseconds.</msg>
<arg>333ms</arg>
<doc>Pauses the test executed for the given time.</doc>
<status status="PASS" start="2024-11-22T16:11:24.011518" elapsed="0.333229"/>
</kw>
<status status="PASS" start="2024-11-22T16:11:24.011518" elapsed="0.333229"/>
</kw>
<kw name="Hi Hat Ferme" owner="BatterieMusicca">
<status status="PASS" start="2024-11-22T16:11:24.345252" elapsed="0.100883"/>
</kw>
<kw name="bpm" owner="rythmes">
<kw name="Sleep" owner="BuiltIn">
<msg time="2024-11-22T16:11:24.781277" level="INFO">Slept 333 milliseconds.</msg>
<arg>333ms</arg>
<doc>Pauses the test executed for the given time.</doc>
<status status="PASS" start="2024-11-22T16:11:24.447432" elapsed="0.333845"/>
</kw>
<status status="PASS" start="2024-11-22T16:11:24.446135" elapsed="0.335142"/>
</kw>
<kw name="Caisse Claire" owner="BatterieMusicca">
<status status="PASS" start="2024-11-22T16:11:24.781277" elapsed="0.103044"/>
</kw>
<kw name="bpm" owner="rythmes">
<kw name="Sleep" owner="BuiltIn">
<msg time="2024-11-22T16:11:25.218442" level="INFO">Slept 333 milliseconds.</msg>
<arg>333ms</arg>
<doc>Pauses the test executed for the given time.</doc>
<status status="PASS" start="2024-11-22T16:11:24.885324" elapsed="0.333118"/>
</kw>
<status status="PASS" start="2024-11-22T16:11:24.884321" elapsed="0.334121"/>
</kw>
<kw name="Hi Hat Ferme" owner="BatterieMusicca">
<status status="PASS" start="2024-11-22T16:11:25.218947" elapsed="0.101119"/>
</kw>
<kw name="bpm" owner="rythmes">
<kw name="Sleep" owner="BuiltIn">
<msg time="2024-11-22T16:11:25.653332" level="INFO">Slept 333 milliseconds.</msg>
<arg>333ms</arg>
<doc>Pauses the test executed for the given time.</doc>
<status status="PASS" start="2024-11-22T16:11:25.320066" elapsed="0.333266"/>
</kw>
<status status="PASS" start="2024-11-22T16:11:25.320066" elapsed="0.333266"/>
</kw>
<kw name="Hi Hat Ferme" owner="BatterieMusicca">
<status status="PASS" start="2024-11-22T16:11:25.653332" elapsed="0.101465"/>
</kw>
<kw name="bpm" owner="rythmes">
<kw name="Sleep" owner="BuiltIn">
<msg time="2024-11-22T16:11:26.087936" level="INFO">Slept 333 milliseconds.</msg>
<arg>333ms</arg>
<doc>Pauses the test executed for the given time.</doc>
<status status="PASS" start="2024-11-22T16:11:25.754797" elapsed="0.333139"/>
</kw>
<status status="PASS" start="2024-11-22T16:11:25.754797" elapsed="0.333139"/>
</kw>
<kw name="Grosse Caisse" owner="BatterieMusicca">
<status status="PASS" start="2024-11-22T16:11:26.088443" elapsed="0.101146"/>
</kw>
<kw name="bpm" owner="rythmes">
<kw name="Sleep" owner="BuiltIn">
<msg time="2024-11-22T16:11:26.523953" level="INFO">Slept 333 milliseconds.</msg>
<arg>333ms</arg>
<doc>Pauses the test executed for the given time.</doc>
<status status="PASS" start="2024-11-22T16:11:26.189589" elapsed="0.334364"/>
</kw>
<status status="PASS" start="2024-11-22T16:11:26.189589" elapsed="0.334871"/>
</kw>
<kw name="Caisse Claire" owner="BatterieMusicca">
<status status="PASS" start="2024-11-22T16:11:26.524460" elapsed="0.101924"/>
</kw>
<kw name="bpm" owner="rythmes">
<kw name="Sleep" owner="BuiltIn">
<msg time="2024-11-22T16:11:26.960507" level="INFO">Slept 333 milliseconds.</msg>
<arg>333ms</arg>
<doc>Pauses the test executed for the given time.</doc>
<status status="PASS" start="2024-11-22T16:11:26.626981" elapsed="0.333526"/>
</kw>
<status status="PASS" start="2024-11-22T16:11:26.626981" elapsed="0.333526"/>
</kw>
<kw name="Hi Hat Ferme" owner="BatterieMusicca">
<status status="PASS" start="2024-11-22T16:11:26.960507" elapsed="0.102032"/>
</kw>
<kw name="bpm" owner="rythmes">
<kw name="Sleep" owner="BuiltIn">
<msg time="2024-11-22T16:11:27.396984" level="INFO">Slept 333 milliseconds.</msg>
<arg>333ms</arg>
<doc>Pauses the test executed for the given time.</doc>
<status status="PASS" start="2024-11-22T16:11:27.062539" elapsed="0.334445"/>
</kw>
<status status="PASS" start="2024-11-22T16:11:27.062539" elapsed="0.334445"/>
</kw>
<status status="PASS" start="2024-11-22T16:11:23.807423" elapsed="3.589561"/>
</kw>
<msg time="2024-11-22T16:11:27.396984" level="INFO">Lecture des mots-clés depuis rythmes.resource
Mot-clé sélectionné : Rythme_Generated_by_AI_1</msg>
<doc>Sélectionne et exécute un mot-clé aléatoire depuis rythmes.resource.</doc>
<status status="PASS" start="2024-11-22T16:11:23.806408" elapsed="3.590576"/>
</kw>
<var name="${i}">0</var>
<status status="PASS" start="2024-11-22T16:11:23.806408" elapsed="3.590576"/>
</iter>
<iter>
<kw name="Executer Rythme Aleatoire" owner="BatterieMusicca">
<kw name="Rythme_Generated_by_AI_3" owner="rythmes">
<kw name="Hi Hat Ferme" owner="BatterieMusicca">
<status status="PASS" start="2024-11-22T16:11:27.400261" elapsed="0.102045"/>
</kw>
<kw name="Grosse Caisse" owner="BatterieMusicca">
<status status="PASS" start="2024-11-22T16:11:27.502306" elapsed="0.103268"/>
</kw>
<kw name="Hi Hat Ferme" owner="BatterieMusicca">
<status status="PASS" start="2024-11-22T16:11:27.605574" elapsed="0.101763"/>
</kw>
<kw name="Caisse Claire" owner="BatterieMusicca">
<status status="PASS" start="2024-11-22T16:11:27.707337" elapsed="0.101560"/>
</kw>
<kw name="Hi Hat Ferme" owner="BatterieMusicca">
<status status="PASS" start="2024-11-22T16:11:27.808897" elapsed="0.101484"/>
</kw>
<kw name="Hi Hat Ferme" owner="BatterieMusicca">
<status status="PASS" start="2024-11-22T16:11:27.910381" elapsed="0.101653"/>
</kw>
<kw name="Grosse Caisse" owner="BatterieMusicca">
<status status="PASS" start="2024-11-22T16:11:28.012034" elapsed="0.101072"/>
</kw>
<kw name="Caisse Claire" owner="BatterieMusicca">
<status status="PASS" start="2024-11-22T16:11:28.113106" elapsed="0.101239"/>
</kw>
<kw name="Hi Hat Ferme" owner="BatterieMusicca">
<status status="PASS" start="2024-11-22T16:11:28.214345" elapsed="0.101902"/>
</kw>
<kw name="Cymbale Crash" owner="BatterieMusicca">
<status status="PASS" start="2024-11-22T16:11:28.316247" elapsed="0.102249"/>
</kw>
<kw name="Hi Hat Ouvert" owner="BatterieMusicca">
<status status="PASS" start="2024-11-22T16:11:28.419003" elapsed="0.110550"/>
</kw>
<kw name="Tom Aigu" owner="BatterieMusicca">
<status status="PASS" start="2024-11-22T16:11:28.529553" elapsed="0.115866"/>
</kw>
<kw name="Hi Hat Pied" owner="BatterieMusicca">
<status status="PASS" start="2024-11-22T16:11:28.645419" elapsed="0.109288"/>
</kw>
<kw name="Tom Grave" owner="BatterieMusicca">
<status status="PASS" start="2024-11-22T16:11:28.754707" elapsed="0.106132"/>
</kw>
<kw name="Caisse Claire Baguettes" owner="BatterieMusicca">
<status status="PASS" start="2024-11-22T16:11:28.862348" elapsed="0.106697"/>
</kw>
<kw name="Tom Bas" owner="BatterieMusicca">
<status status="PASS" start="2024-11-22T16:11:28.969045" elapsed="0.101190"/>
</kw>
<kw name="Hi Hat Ouvert" owner="BatterieMusicca">
<status status="PASS" start="2024-11-22T16:11:29.070235" elapsed="0.102005"/>
</kw>
<kw name="Grosse Caisse" owner="BatterieMusicca">
<status status="PASS" start="2024-11-22T16:11:29.172240" elapsed="0.101641"/>
</kw>
<kw name="Cymbale Ride" owner="BatterieMusicca">
<status status="PASS" start="2024-11-22T16:11:29.273881" elapsed="0.102957"/>
</kw>
<kw name="Hi Hat Ferme" owner="BatterieMusicca">
<status status="PASS" start="2024-11-22T16:11:29.377346" elapsed="0.102053"/>
</kw>
<status status="PASS" start="2024-11-22T16:11:27.398983" elapsed="2.080416"/>
</kw>
<msg time="2024-11-22T16:11:29.479399" level="INFO">Lecture des mots-clés depuis rythmes.resource
Mot-clé sélectionné : Rythme_Generated_by_AI_3</msg>
<doc>Sélectionne et exécute un mot-clé aléatoire depuis rythmes.resource.</doc>
<status status="PASS" start="2024-11-22T16:11:27.398059" elapsed="2.081340"/>
</kw>
<var name="${i}">1</var>
<status status="PASS" start="2024-11-22T16:11:27.398059" elapsed="2.081340"/>
</iter>
<iter>
<kw name="Executer Rythme Aleatoire" owner="BatterieMusicca">
<kw name="Rythme_Generated_by_AI_4" owner="rythmes">
<kw name="Hi Hat Ferme" owner="BatterieMusicca">
<status status="PASS" start="2024-11-22T16:11:29.482928" elapsed="0.102293"/>
</kw>
<kw name="Grosse Caisse" owner="BatterieMusicca">
<status status="PASS" start="2024-11-22T16:11:29.585221" elapsed="0.101942"/>
</kw>
<kw name="Hi Hat Ferme" owner="BatterieMusicca">
<status status="PASS" start="2024-11-22T16:11:29.687163" elapsed="0.101500"/>
</kw>
<kw name="Caisse Claire" owner="BatterieMusicca">
<status status="PASS" start="2024-11-22T16:11:29.789170" elapsed="0.101511"/>
</kw>
<kw name="Hi Hat Ferme" owner="BatterieMusicca">
<status status="PASS" start="2024-11-22T16:11:29.890681" elapsed="0.101152"/>
</kw>
<kw name="Hi Hat Ferme" owner="BatterieMusicca">
<status status="PASS" start="2024-11-22T16:11:29.991833" elapsed="0.101458"/>
</kw>
<kw name="Grosse Caisse" owner="BatterieMusicca">
<status status="PASS" start="2024-11-22T16:11:30.093291" elapsed="0.102231"/>
</kw>
<kw name="Caisse Claire" owner="BatterieMusicca">
<status status="PASS" start="2024-11-22T16:11:30.195522" elapsed="0.102139"/>
</kw>
<kw name="Hi Hat Ferme" owner="BatterieMusicca">
<status status="PASS" start="2024-11-22T16:11:30.297661" elapsed="0.101630"/>
</kw>
<kw name="bpm" owner="rythmes">
<kw name="Sleep" owner="BuiltIn">
<msg time="2024-11-22T16:11:30.733869" level="INFO">Slept 333 milliseconds.</msg>
<arg>333ms</arg>
<doc>Pauses the test executed for the given time.</doc>
<status status="PASS" start="2024-11-22T16:11:30.400791" elapsed="0.333078"/>
</kw>
<status status="PASS" start="2024-11-22T16:11:30.399291" elapsed="0.334578"/>
</kw>
<status status="PASS" start="2024-11-22T16:11:29.481571" elapsed="1.253303"/>
</kw>
<msg time="2024-11-22T16:11:30.734874" level="INFO">Lecture des mots-clés depuis rythmes.resource
Mot-clé sélectionné : Rythme_Generated_by_AI_4</msg>
<doc>Sélectionne et exécute un mot-clé aléatoire depuis rythmes.resource.</doc>
<status status="PASS" start="2024-11-22T16:11:29.480562" elapsed="1.254312"/>
</kw>
<var name="${i}">2</var>
<status status="PASS" start="2024-11-22T16:11:29.480562" elapsed="1.254312"/>
</iter>
<iter>
<kw name="Executer Rythme Aleatoire" owner="BatterieMusicca">
<kw name="Rythme_Generated_by_AI_4" owner="rythmes">
<kw name="Hi Hat Ferme" owner="BatterieMusicca">
<status status="PASS" start="2024-11-22T16:11:30.736878" elapsed="0.102670"/>
</kw>
<kw name="Grosse Caisse" owner="BatterieMusicca">
<status status="PASS" start="2024-11-22T16:11:30.839548" elapsed="0.101743"/>
</kw>
<kw name="Hi Hat Ferme" owner="BatterieMusicca">
<status status="PASS" start="2024-11-22T16:11:30.941291" elapsed="0.102099"/>
</kw>
<kw name="Caisse Claire" owner="BatterieMusicca">
<status status="PASS" start="2024-11-22T16:11:31.043390" elapsed="0.102678"/>
</kw>
<kw name="Hi Hat Ferme" owner="BatterieMusicca">
<status status="PASS" start="2024-11-22T16:11:31.146068" elapsed="0.102207"/>
</kw>
<kw name="Hi Hat Ferme" owner="BatterieMusicca">
<status status="PASS" start="2024-11-22T16:11:31.248806" elapsed="0.101438"/>
</kw>
<kw name="Grosse Caisse" owner="BatterieMusicca">
<status status="PASS" start="2024-11-22T16:11:31.350244" elapsed="0.102410"/>
</kw>
<kw name="Caisse Claire" owner="BatterieMusicca">
<status status="PASS" start="2024-11-22T16:11:31.452654" elapsed="0.102145"/>
</kw>
<kw name="Hi Hat Ferme" owner="BatterieMusicca">
<status status="PASS" start="2024-11-22T16:11:31.554799" elapsed="0.102725"/>
</kw>
<kw name="bpm" owner="rythmes">
<kw name="Sleep" owner="BuiltIn">
<msg time="2024-11-22T16:11:31.990765" level="INFO">Slept 333 milliseconds.</msg>
<arg>333ms</arg>
<doc>Pauses the test executed for the given time.</doc>
<status status="PASS" start="2024-11-22T16:11:31.657524" elapsed="0.333241"/>
</kw>
<status status="PASS" start="2024-11-22T16:11:31.657524" elapsed="0.333241"/>
</kw>
<status status="PASS" start="2024-11-22T16:11:30.736878" elapsed="1.253887"/>
</kw>
<msg time="2024-11-22T16:11:31.990765" level="INFO">Lecture des mots-clés depuis rythmes.resource
Mot-clé sélectionné : Rythme_Generated_by_AI_4</msg>
<doc>Sélectionne et exécute un mot-clé aléatoire depuis rythmes.resource.</doc>
<status status="PASS" start="2024-11-22T16:11:30.735880" elapsed="1.254885"/>
</kw>
<var name="${i}">3</var>
<status status="PASS" start="2024-11-22T16:11:30.734874" elapsed="1.255891"/>
</iter>
<iter>
<kw name="Executer Rythme Aleatoire" owner="BatterieMusicca">
<kw name="Rythme_Generated_by_AI_4" owner="rythmes">
<kw name="Hi Hat Ferme" owner="BatterieMusicca">
<status status="PASS" start="2024-11-22T16:11:31.991780" elapsed="0.101213"/>
</kw>
<kw name="Grosse Caisse" owner="BatterieMusicca">
<status status="PASS" start="2024-11-22T16:11:32.092993" elapsed="0.101804"/>
</kw>
<kw name="Hi Hat Ferme" owner="BatterieMusicca">
<status status="PASS" start="2024-11-22T16:11:32.194797" elapsed="0.101620"/>
</kw>
<kw name="Caisse Claire" owner="BatterieMusicca">
<status status="PASS" start="2024-11-22T16:11:32.296417" elapsed="0.100950"/>
</kw>
<kw name="Hi Hat Ferme" owner="BatterieMusicca">
<status status="PASS" start="2024-11-22T16:11:32.397367" elapsed="0.101600"/>
</kw>
<kw name="Hi Hat Ferme" owner="BatterieMusicca">
<status status="PASS" start="2024-11-22T16:11:32.498967" elapsed="0.101803"/>
</kw>
<kw name="Grosse Caisse" owner="BatterieMusicca">
<status status="PASS" start="2024-11-22T16:11:32.600770" elapsed="0.102456"/>
</kw>
<kw name="Caisse Claire" owner="BatterieMusicca">
<status status="PASS" start="2024-11-22T16:11:32.703226" elapsed="0.102971"/>
</kw>
<kw name="Hi Hat Ferme" owner="BatterieMusicca">
<status status="PASS" start="2024-11-22T16:11:32.806197" elapsed="0.102304"/>
</kw>
<kw name="bpm" owner="rythmes">
<kw name="Sleep" owner="BuiltIn">
<msg time="2024-11-22T16:11:33.242399" level="INFO">Slept 333 milliseconds.</msg>
<arg>333ms</arg>
<doc>Pauses the test executed for the given time.</doc>
<status status="PASS" start="2024-11-22T16:11:32.909006" elapsed="0.333393"/>
</kw>
<status status="PASS" start="2024-11-22T16:11:32.908501" elapsed="0.334406"/>
</kw>
<status status="PASS" start="2024-11-22T16:11:31.991780" elapsed="1.251127"/>
</kw>
<msg time="2024-11-22T16:11:33.243912" level="INFO">Lecture des mots-clés depuis rythmes.resource
Mot-clé sélectionné : Rythme_Generated_by_AI_4</msg>
<doc>Sélectionne et exécute un mot-clé aléatoire depuis rythmes.resource.</doc>
<status status="PASS" start="2024-11-22T16:11:31.990765" elapsed="1.253147"/>
</kw>
<var name="${i}">4</var>
<status status="PASS" start="2024-11-22T16:11:31.990765" elapsed="1.253147"/>
</iter>
<iter>
<kw name="Executer Rythme Aleatoire" owner="BatterieMusicca">
<kw name="Rythme_Generated_by_AI_6">
<msg time="2024-11-22T16:11:33.252016" level="FAIL">No keyword with name 'Rythme_Generated_by_AI_6' found. Did you mean:
    rythmes.Rythme_Generated_by_AI_5
    rythmes.Rythme_Generated_by_AI_4
    rythmes.Rythme_Generated_by_AI_3
    rythmes.Rythme_Generated_by_AI_2
    rythmes.Rythme_Generated_by_AI_1</msg>
<status status="FAIL" start="2024-11-22T16:11:33.252016" elapsed="0.000000">No keyword with name 'Rythme_Generated_by_AI_6' found. Did you mean:
    rythmes.Rythme_Generated_by_AI_5
    rythmes.Rythme_Generated_by_AI_4
    rythmes.Rythme_Generated_by_AI_3
    rythmes.Rythme_Generated_by_AI_2
    rythmes.Rythme_Generated_by_AI_1</status>
</kw>
<msg time="2024-11-22T16:11:33.252016" level="INFO">Lecture des mots-clés depuis rythmes.resource
Mot-clé sélectionné : Rythme_Generated_by_AI_6
Erreur lors de l'exécution du mot-clé aléatoire : No keyword with name 'Rythme_Generated_by_AI_6' found. Did you mean:
    rythmes.Rythme_Generated_by_AI_5
    rythmes.Rythme_Generated_by_AI_4
    rythmes.Rythme_Generated_by_AI_3
    rythmes.Rythme_Generated_by_AI_2
    rythmes.Rythme_Generated_by_AI_1</msg>
<doc>Sélectionne et exécute un mot-clé aléatoire depuis rythmes.resource.</doc>
<status status="PASS" start="2024-11-22T16:11:33.244912" elapsed="0.007104"/>
</kw>
<var name="${i}">5</var>
<status status="PASS" start="2024-11-22T16:11:33.244912" elapsed="0.007104"/>
</iter>
<iter>
<kw name="Executer Rythme Aleatoire" owner="BatterieMusicca">
<kw name="Rythme_Generated_by_AI_5" owner="rythmes">
<kw name="Hi Hat Ferme" owner="BatterieMusicca">
<status status="PASS" start="2024-11-22T16:11:33.253924" elapsed="0.102818"/>
</kw>
<kw name="Grosse Caisse" owner="BatterieMusicca">
<status status="PASS" start="2024-11-22T16:11:33.356742" elapsed="0.102676"/>
</kw>
<kw name="Hi Hat Ferme" owner="BatterieMusicca">
<status status="PASS" start="2024-11-22T16:11:33.459418" elapsed="0.101971"/>
</kw>
<kw name="Caisse Claire" owner="BatterieMusicca">
<status status="PASS" start="2024-11-22T16:11:33.561389" elapsed="0.102342"/>
</kw>
<kw name="Hi Hat Ferme" owner="BatterieMusicca">
<status status="PASS" start="2024-11-22T16:11:33.663731" elapsed="0.102159"/>
</kw>
<kw name="Hi Hat Ferme" owner="BatterieMusicca">
<status status="PASS" start="2024-11-22T16:11:33.765890" elapsed="0.102841"/>
</kw>
<kw name="Grosse Caisse" owner="BatterieMusicca">
<status status="PASS" start="2024-11-22T16:11:33.868731" elapsed="0.103003"/>
</kw>
<kw name="Caisse Claire" owner="BatterieMusicca">
<status status="PASS" start="2024-11-22T16:11:33.971734" elapsed="0.102700"/>
</kw>
<kw name="Hi Hat Ferme" owner="BatterieMusicca">
<status status="PASS" start="2024-11-22T16:11:34.074434" elapsed="0.102113"/>
</kw>
<status status="PASS" start="2024-11-22T16:11:33.253924" elapsed="0.922623"/>
</kw>
<msg time="2024-11-22T16:11:34.176547" level="INFO">Lecture des mots-clés depuis rythmes.resource
Mot-clé sélectionné : Rythme_Generated_by_AI_5</msg>
<doc>Sélectionne et exécute un mot-clé aléatoire depuis rythmes.resource.</doc>
<status status="PASS" start="2024-11-22T16:11:33.253001" elapsed="0.923546"/>
</kw>
<var name="${i}">6</var>
<status status="PASS" start="2024-11-22T16:11:33.253001" elapsed="0.923546"/>
</iter>
<iter>
<kw name="Executer Rythme Aleatoire" owner="BatterieMusicca">
<kw name="Rythme_Generated_by_AI_5" owner="rythmes">
<kw name="Hi Hat Ferme" owner="BatterieMusicca">
<status status="PASS" start="2024-11-22T16:11:34.177556" elapsed="0.101287"/>
</kw>
<kw name="Grosse Caisse" owner="BatterieMusicca">
<status status="PASS" start="2024-11-22T16:11:34.278843" elapsed="0.101225"/>
</kw>
<kw name="Hi Hat Ferme" owner="BatterieMusicca">
<status status="PASS" start="2024-11-22T16:11:34.380068" elapsed="0.101798"/>
</kw>
<kw name="Caisse Claire" owner="BatterieMusicca">
<status status="PASS" start="2024-11-22T16:11:34.481866" elapsed="0.101748"/>
</kw>
<kw name="Hi Hat Ferme" owner="BatterieMusicca">
<status status="PASS" start="2024-11-22T16:11:34.584163" elapsed="0.102052"/>
</kw>
<kw name="Hi Hat Ferme" owner="BatterieMusicca">
<status status="PASS" start="2024-11-22T16:11:34.686215" elapsed="0.102429"/>
</kw>
<kw name="Grosse Caisse" owner="BatterieMusicca">
<status status="PASS" start="2024-11-22T16:11:34.789230" elapsed="0.102232"/>
</kw>
<kw name="Caisse Claire" owner="BatterieMusicca">
<status status="PASS" start="2024-11-22T16:11:34.891462" elapsed="0.102466"/>
</kw>
<kw name="Hi Hat Ferme" owner="BatterieMusicca">
<status status="PASS" start="2024-11-22T16:11:34.993928" elapsed="0.102510"/>
</kw>
<status status="PASS" start="2024-11-22T16:11:34.177556" elapsed="0.918882"/>
</kw>
<msg time="2024-11-22T16:11:35.096438" level="INFO">Lecture des mots-clés depuis rythmes.resource
Mot-clé sélectionné : Rythme_Generated_by_AI_5</msg>
<doc>Sélectionne et exécute un mot-clé aléatoire depuis rythmes.resource.</doc>
<status status="PASS" start="2024-11-22T16:11:34.176547" elapsed="0.919891"/>
</kw>
<var name="${i}">7</var>
<status status="PASS" start="2024-11-22T16:11:34.176547" elapsed="0.919891"/>
</iter>
<iter>
<kw name="Executer Rythme Aleatoire" owner="BatterieMusicca">
<kw name="Rythme_Generated_by_AI_1" owner="rythmes">
<kw name="Hi Hat Ferme" owner="BatterieMusicca">
<status status="PASS" start="2024-11-22T16:11:35.100065" elapsed="0.102198"/>
</kw>
<kw name="Grosse Caisse" owner="BatterieMusicca">
<status status="PASS" start="2024-11-22T16:11:35.202263" elapsed="0.102090"/>
</kw>
<kw name="bpm" owner="rythmes">
<kw name="Sleep" owner="BuiltIn">
<msg time="2024-11-22T16:11:35.637540" level="INFO">Slept 333 milliseconds.</msg>
<arg>333ms</arg>
<doc>Pauses the test executed for the given time.</doc>
<status status="PASS" start="2024-11-22T16:11:35.304353" elapsed="0.333187"/>
</kw>
<status status="PASS" start="2024-11-22T16:11:35.304353" elapsed="0.333187"/>
</kw>
<kw name="Hi Hat Ferme" owner="BatterieMusicca">
<status status="PASS" start="2024-11-22T16:11:35.637540" elapsed="0.102153"/>
</kw>
<kw name="bpm" owner="rythmes">
<kw name="Sleep" owner="BuiltIn">
<msg time="2024-11-22T16:11:36.074123" level="INFO">Slept 333 milliseconds.</msg>
<arg>333ms</arg>
<doc>Pauses the test executed for the given time.</doc>
<status status="PASS" start="2024-11-22T16:11:35.739693" elapsed="0.334430"/>
</kw>
<status status="PASS" start="2024-11-22T16:11:35.739693" elapsed="0.334430"/>
</kw>
<kw name="Caisse Claire" owner="BatterieMusicca">
<status status="PASS" start="2024-11-22T16:11:36.074123" elapsed="0.102774"/>
</kw>
<kw name="bpm" owner="rythmes">
<kw name="Sleep" owner="BuiltIn">
<msg time="2024-11-22T16:11:36.511331" level="INFO">Slept 333 milliseconds.</msg>
<arg>333ms</arg>
<doc>Pauses the test executed for the given time.</doc>
<status status="PASS" start="2024-11-22T16:11:36.177917" elapsed="0.333414"/>
</kw>
<status status="PASS" start="2024-11-22T16:11:36.176897" elapsed="0.334434"/>
</kw>
<kw name="Hi Hat Ferme" owner="BatterieMusicca">
<status status="PASS" start="2024-11-22T16:11:36.511331" elapsed="0.102489"/>
</kw>
<kw name="bpm" owner="rythmes">
<kw name="Sleep" owner="BuiltIn">
<msg time="2024-11-22T16:11:36.948131" level="INFO">Slept 333 milliseconds.</msg>
<arg>333ms</arg>
<doc>Pauses the test executed for the given time.</doc>
<status status="PASS" start="2024-11-22T16:11:36.614926" elapsed="0.333205"/>
</kw>
<status status="PASS" start="2024-11-22T16:11:36.613820" elapsed="0.334311"/>
</kw>
<kw name="Hi Hat Ferme" owner="BatterieMusicca">
<status status="PASS" start="2024-11-22T16:11:36.948131" elapsed="0.102995"/>
</kw>
<kw name="bpm" owner="rythmes">
<kw name="Sleep" owner="BuiltIn">
<msg time="2024-11-22T16:11:37.384419" level="INFO">Slept 333 milliseconds.</msg>
<arg>333ms</arg>
<doc>Pauses the test executed for the given time.</doc>
<status status="PASS" start="2024-11-22T16:11:37.051126" elapsed="0.333293"/>
</kw>
<status status="PASS" start="2024-11-22T16:11:37.051126" elapsed="0.333293"/>
</kw>
<kw name="Grosse Caisse" owner="BatterieMusicca">
<status status="PASS" start="2024-11-22T16:11:37.385433" elapsed="0.101858"/>
</kw>
<kw name="bpm" owner="rythmes">
<kw name="Sleep" owner="BuiltIn">
<msg time="2024-11-22T16:11:37.820638" level="INFO">Slept 333 milliseconds.</msg>
<arg>333ms</arg>
<doc>Pauses the test executed for the given time.</doc>
<status status="PASS" start="2024-11-22T16:11:37.487291" elapsed="0.333347"/>
</kw>
<status status="PASS" start="2024-11-22T16:11:37.487291" elapsed="0.333933"/>
</kw>
<kw name="Caisse Claire" owner="BatterieMusicca">
<status status="PASS" start="2024-11-22T16:11:37.821224" elapsed="0.101863"/>
</kw>
<kw name="bpm" owner="rythmes">
<kw name="Sleep" owner="BuiltIn">
<msg time="2024-11-22T16:11:38.257650" level="INFO">Slept 333 milliseconds.</msg>
<arg>333ms</arg>
<doc>Pauses the test executed for the given time.</doc>
<status status="PASS" start="2024-11-22T16:11:37.924228" elapsed="0.333422"/>
</kw>
<status status="PASS" start="2024-11-22T16:11:37.923087" elapsed="0.335072"/>
</kw>
<kw name="Hi Hat Ferme" owner="BatterieMusicca">
<status status="PASS" start="2024-11-22T16:11:38.258159" elapsed="0.102167"/>
</kw>
<kw name="bpm" owner="rythmes">
<kw name="Sleep" owner="BuiltIn">
<msg time="2024-11-22T16:11:38.694630" level="INFO">Slept 333 milliseconds.</msg>
<arg>333ms</arg>
<doc>Pauses the test executed for the given time.</doc>
<status status="PASS" start="2024-11-22T16:11:38.361421" elapsed="0.333209"/>
</kw>
<status status="PASS" start="2024-11-22T16:11:38.360326" elapsed="0.334814"/>
</kw>
<status status="PASS" start="2024-11-22T16:11:35.099010" elapsed="3.596130"/>
</kw>
<msg time="2024-11-22T16:11:38.695140" level="INFO">Lecture des mots-clés depuis rythmes.resource
Mot-clé sélectionné : Rythme_Generated_by_AI_1</msg>
<doc>Sélectionne et exécute un mot-clé aléatoire depuis rythmes.resource.</doc>
<status status="PASS" start="2024-11-22T16:11:35.097453" elapsed="3.597687"/>
</kw>
<var name="${i}">8</var>
<status status="PASS" start="2024-11-22T16:11:35.097453" elapsed="3.597687"/>
</iter>
<iter>
<kw name="Executer Rythme Aleatoire" owner="BatterieMusicca">
<kw name="Rythme_Generated_by_AI_1" owner="rythmes">
<kw name="Hi Hat Ferme" owner="BatterieMusicca">
<status status="PASS" start="2024-11-22T16:11:38.697146" elapsed="0.103016"/>
</kw>
<kw name="Grosse Caisse" owner="BatterieMusicca">
<status status="PASS" start="2024-11-22T16:11:38.800671" elapsed="0.102006"/>
</kw>
<kw name="bpm" owner="rythmes">
<kw name="Sleep" owner="BuiltIn">
<msg time="2024-11-22T16:11:39.235759" level="INFO">Slept 333 milliseconds.</msg>
<arg>333ms</arg>
<doc>Pauses the test executed for the given time.</doc>
<status status="PASS" start="2024-11-22T16:11:38.902677" elapsed="0.333082"/>
</kw>
<status status="PASS" start="2024-11-22T16:11:38.902677" elapsed="0.333082"/>
</kw>
<kw name="Hi Hat Ferme" owner="BatterieMusicca">
<status status="PASS" start="2024-11-22T16:11:39.235759" elapsed="0.101664"/>
</kw>
<kw name="bpm" owner="rythmes">
<kw name="Sleep" owner="BuiltIn">
<msg time="2024-11-22T16:11:39.672271" level="INFO">Slept 333 milliseconds.</msg>
<arg>333ms</arg>
<doc>Pauses the test executed for the given time.</doc>
<status status="PASS" start="2024-11-22T16:11:39.337990" elapsed="0.334281"/>
</kw>
<status status="PASS" start="2024-11-22T16:11:39.337990" elapsed="0.334281"/>
</kw>
<kw name="Caisse Claire" owner="BatterieMusicca">
<status status="PASS" start="2024-11-22T16:11:39.672271" elapsed="0.102618"/>
</kw>
<kw name="bpm" owner="rythmes">
<kw name="Sleep" owner="BuiltIn">
<msg time="2024-11-22T16:11:40.109090" level="INFO">Slept 333 milliseconds.</msg>
<arg>333ms</arg>
<doc>Pauses the test executed for the given time.</doc>
<status status="PASS" start="2024-11-22T16:11:39.775904" elapsed="0.333186"/>
</kw>
<status status="PASS" start="2024-11-22T16:11:39.774889" elapsed="0.334201"/>
</kw>
<kw name="Hi Hat Ferme" owner="BatterieMusicca">
<status status="PASS" start="2024-11-22T16:11:40.109090" elapsed="0.102785"/>
</kw>
<kw name="bpm" owner="rythmes">
<kw name="Sleep" owner="BuiltIn">
<msg time="2024-11-22T16:11:40.545134" level="INFO">Slept 333 milliseconds.</msg>
<arg>333ms</arg>
<doc>Pauses the test executed for the given time.</doc>
<status status="PASS" start="2024-11-22T16:11:40.211875" elapsed="0.333259"/>
</kw>
<status status="PASS" start="2024-11-22T16:11:40.211875" elapsed="0.333259"/>
</kw>
<kw name="Hi Hat Ferme" owner="BatterieMusicca">
<status status="PASS" start="2024-11-22T16:11:40.545134" elapsed="0.102803"/>
</kw>
<kw name="bpm" owner="rythmes">
<kw name="Sleep" owner="BuiltIn">
<msg time="2024-11-22T16:11:40.982056" level="INFO">Slept 333 milliseconds.</msg>
<arg>333ms</arg>
<doc>Pauses the test executed for the given time.</doc>
<status status="PASS" start="2024-11-22T16:11:40.648750" elapsed="0.333306"/>
</kw>
<status status="PASS" start="2024-11-22T16:11:40.648244" elapsed="0.333812"/>
</kw>
<kw name="Grosse Caisse" owner="BatterieMusicca">
<status status="PASS" start="2024-11-22T16:11:40.982056" elapsed="0.102865"/>
</kw>
<kw name="bpm" owner="rythmes">
<kw name="Sleep" owner="BuiltIn">
<msg time="2024-11-22T16:11:41.418589" level="INFO">Slept 333 milliseconds.</msg>
<arg>333ms</arg>
<doc>Pauses the test executed for the given time.</doc>
<status status="PASS" start="2024-11-22T16:11:41.084921" elapsed="0.333668"/>
</kw>
<status status="PASS" start="2024-11-22T16:11:41.084921" elapsed="0.334346"/>
</kw>
<kw name="Caisse Claire" owner="BatterieMusicca">
<status status="PASS" start="2024-11-22T16:11:41.419267" elapsed="0.102227"/>
</kw>
<kw name="bpm" owner="rythmes">
<kw name="Sleep" owner="BuiltIn">
<msg time="2024-11-22T16:11:41.854822" level="INFO">Slept 333 milliseconds.</msg>
<arg>333ms</arg>
<doc>Pauses the test executed for the given time.</doc>
<status status="PASS" start="2024-11-22T16:11:41.521494" elapsed="0.333328"/>
</kw>
<status status="PASS" start="2024-11-22T16:11:41.521494" elapsed="0.333838"/>
</kw>
<kw name="Hi Hat Ferme" owner="BatterieMusicca">
<status status="PASS" start="2024-11-22T16:11:41.855332" elapsed="0.102355"/>
</kw>
<kw name="bpm" owner="rythmes">
<kw name="Sleep" owner="BuiltIn">
<msg time="2024-11-22T16:11:42.292281" level="INFO">Slept 333 milliseconds.</msg>
<arg>333ms</arg>
<doc>Pauses the test executed for the given time.</doc>
<status status="PASS" start="2024-11-22T16:11:41.957687" elapsed="0.334594"/>
</kw>
<status status="PASS" start="2024-11-22T16:11:41.957687" elapsed="0.334594"/>
</kw>
<status status="PASS" start="2024-11-22T16:11:38.697146" elapsed="3.595135"/>
</kw>
<msg time="2024-11-22T16:11:42.293375" level="INFO">Lecture des mots-clés depuis rythmes.resource
Mot-clé sélectionné : Rythme_Generated_by_AI_1</msg>
<doc>Sélectionne et exécute un mot-clé aléatoire depuis rythmes.resource.</doc>
<status status="PASS" start="2024-11-22T16:11:38.696145" elapsed="3.597230"/>
</kw>
<var name="${i}">9</var>
<status status="PASS" start="2024-11-22T16:11:38.695140" elapsed="3.598235"/>
</iter>
<var>${i}</var>
<value>10</value>
<status status="PASS" start="2024-11-22T16:11:23.806408" elapsed="18.486967"/>
</for>
<kw name="Close Browser" owner="SeleniumLibrary">
<doc>Closes the current browser.</doc>
<status status="PASS" start="2024-11-22T16:11:42.294375" elapsed="2.155738"/>
</kw>
<status status="PASS" start="2024-11-22T16:11:20.809646" elapsed="23.640467"/>
</test>
<status status="PASS" start="2024-11-22T16:11:18.061367" elapsed="26.390743"/>
</suite>
<statistics>
<total>
<stat pass="1" fail="0" skip="0">All Tests</stat>
</total>
<tag>
</tag>
<suite>
<stat pass="1" fail="0" skip="0" id="s1" name="Batteur">Batteur</stat>
</suite>
</statistics>
<errors>
</errors>
</robot>
