<?xml version="1.0" encoding="UTF-8"?>
<robot generator="Robot 7.1 (Python 3.11.9 on win32)" generated="2024-11-20T15:44:44.581217" rpa="false" schemaversion="5">
<suite id="s1" name="Section7.10" source="C:\Users\Admin\Projects\rbf_book\Sources\tests\section7.10">
<suite id="s1-s1" name="Test2 Modified" source="C:\Users\Admin\Projects\rbf_book\Sources\tests\section7.10\test2_modified.robot">
<test id="s1-s1-t1" name="testcase" line="5">
<kw name="Open Browser" owner="SeleniumLibrary">
<msg time="2024-11-20T15:44:45.110175" level="INFO">Opening browser 'chrome' to base url 'http://www.google.com'.</msg>
<arg>http://www.google.com</arg>
<arg>chrome</arg>
<doc>Opens a new browser instance to the optional ``url``.</doc>
<status status="PASS" start="2024-11-20T15:44:45.098556" elapsed="14.941136"/>
</kw>
<kw name="Maximize Browser Window" owner="SeleniumLibrary">
<doc>Maximizes current browser window.</doc>
<status status="PASS" start="2024-11-20T15:45:00.041575" elapsed="0.073314"/>
</kw>
<kw name="Close Browser" owner="SeleniumLibrary">
<doc>Closes the current browser.</doc>
<status status="PASS" start="2024-11-20T15:45:00.116407" elapsed="2.407459"/>
</kw>
<tag>custom_tag</tag>
<status status="PASS" start="2024-11-20T15:44:45.098556" elapsed="17.425310"/>
</test>
<test id="s1-s1-t2" name="testcase2" line="11">
<kw name="Open Browser" owner="SeleniumLibrary">
<msg time="2024-11-20T15:45:02.531062" level="INFO">Opening browser 'chrome' to base url 'http://www.google.com'.</msg>
<arg>http://www.google.com</arg>
<arg>chrome</arg>
<doc>Opens a new browser instance to the optional ``url``.</doc>
<status status="PASS" start="2024-11-20T15:45:02.530318" elapsed="3.742080"/>
</kw>
<kw name="Maximize Browser Window" owner="SeleniumLibrary">
<doc>Maximizes current browser window.</doc>
<status status="PASS" start="2024-11-20T15:45:06.272398" elapsed="0.058626"/>
</kw>
<kw name="Close Browser" owner="SeleniumLibrary">
<doc>Closes the current browser.</doc>
<status status="PASS" start="2024-11-20T15:45:06.338004" elapsed="2.310983"/>
</kw>
<tag>custom_tag</tag>
<status status="PASS" start="2024-11-20T15:45:02.523866" elapsed="6.125121"/>
</test>
<test id="s1-s1-t3" name="testcase3" line="17">
<kw name="Open Browser" owner="SeleniumLibrary">
<msg time="2024-11-20T15:45:08.655680" level="INFO">Opening browser 'chrome' to base url 'http://www.google.com'.</msg>
<arg>http://www.google.com</arg>
<arg>chrome</arg>
<doc>Opens a new browser instance to the optional ``url``.</doc>
<status status="PASS" start="2024-11-20T15:45:08.653296" elapsed="2.889417"/>
</kw>
<kw name="Maximize Browser Window" owner="SeleniumLibrary">
<doc>Maximizes current browser window.</doc>
<status status="PASS" start="2024-11-20T15:45:11.544388" elapsed="0.062519"/>
</kw>
<kw name="Close Browser" owner="SeleniumLibrary">
<doc>Closes the current browser.</doc>
<status status="PASS" start="2024-11-20T15:45:11.606907" elapsed="2.307990"/>
</kw>
<tag>custom_tag</tag>
<status status="PASS" start="2024-11-20T15:45:08.648987" elapsed="5.265910"/>
</test>
<status status="PASS" start="2024-11-20T15:44:44.725739" elapsed="29.189158"/>
</suite>
<status status="PASS" start="2024-11-20T15:44:44.637338" elapsed="29.284941"/>
</suite>
<statistics>
<total>
<stat pass="3" fail="0" skip="0">All Tests</stat>
</total>
<tag>
<stat pass="3" fail="0" skip="0">custom_tag</stat>
</tag>
<suite>
<stat pass="3" fail="0" skip="0" id="s1" name="Section7.10">Section7.10</stat>
<stat pass="3" fail="0" skip="0" id="s1-s1" name="Test2 Modified">Section7.10.Test2 Modified</stat>
</suite>
</statistics>
<errors>
</errors>
</robot>
