<?xml version="1.0" encoding="UTF-8"?>
<robot generator="Robot 7.1 (Python 3.11.9 on win32)" generated="2024-11-19T17:33:56.653107" rpa="false" schemaversion="5">
<suite id="s1" name="Virement Bancaire Datadriver" source="C:\Users\Admin\Projects\rbf_book\Sources\tests\section7.6\virement_bancaire_datadriver.robot">
<test id="s1-t1" name="Effectuer Virement ${compte_source} ${compte_cible} ${montant}" line="8">
<kw name="Effectuer Virement">
<kw name="Vérifier Compte Source" owner="actions">
<kw name="Log" owner="BuiltIn">
<msg time="2024-11-19T17:33:56.723705" level="INFO">Vérification du compte source : COMPTE_SOURCE</msg>
<arg>Vérification du compte source : ${compte_source}</arg>
<doc>Logs the given message with the given level.</doc>
<status status="PASS" start="2024-11-19T17:33:56.723705" elapsed="0.000000"/>
</kw>
<arg>${compte_source}</arg>
<status status="PASS" start="2024-11-19T17:33:56.723705" elapsed="0.000000"/>
</kw>
<kw name="Vérifier Compte Cible" owner="actions">
<kw name="Log" owner="BuiltIn">
<msg time="2024-11-19T17:33:56.725109" level="INFO">Vérification du compte cible : COMPTE_CIBLE</msg>
<arg>Vérification du compte cible : ${compte_cible}</arg>
<doc>Logs the given message with the given level.</doc>
<status status="PASS" start="2024-11-19T17:33:56.725109" elapsed="0.000000"/>
</kw>
<arg>${compte_cible}</arg>
<status status="PASS" start="2024-11-19T17:33:56.725109" elapsed="0.000000"/>
</kw>
<kw name="Simuler Virement" owner="actions">
<kw name="Log" owner="BuiltIn">
<msg time="2024-11-19T17:33:56.726607" level="INFO">Simuler un virement de MONTANT de COMPTE_SOURCE à COMPTE_CIBLE</msg>
<arg>Simuler un virement de ${montant} de ${compte_source} à ${compte_cible}</arg>
<doc>Logs the given message with the given level.</doc>
<status status="PASS" start="2024-11-19T17:33:56.726607" elapsed="0.000000"/>
</kw>
<arg>${compte_source}</arg>
<arg>${compte_cible}</arg>
<arg>${montant}</arg>
<status status="PASS" start="2024-11-19T17:33:56.725109" elapsed="0.002502"/>
</kw>
<kw name="Vérifier Résultat" owner="actions">
<kw name="Log" owner="BuiltIn">
<msg time="2024-11-19T17:33:56.727611" level="INFO">Vérification du résultat du virement de MONTANT de COMPTE_SOURCE à COMPTE_CIBLE</msg>
<arg>Vérification du résultat du virement de ${montant} de ${compte_source} à ${compte_cible}</arg>
<doc>Logs the given message with the given level.</doc>
<status status="PASS" start="2024-11-19T17:33:56.727611" elapsed="0.000000"/>
</kw>
<arg>${compte_source}</arg>
<arg>${compte_cible}</arg>
<arg>${montant}</arg>
<status status="PASS" start="2024-11-19T17:33:56.727611" elapsed="0.000000"/>
</kw>
<arg>COMPTE_SOURCE</arg>
<arg>COMPTE_CIBLE</arg>
<arg>MONTANT</arg>
<status status="PASS" start="2024-11-19T17:33:56.722691" elapsed="0.004920"/>
</kw>
<status status="PASS" start="2024-11-19T17:33:56.720062" elapsed="0.008552"/>
</test>
<status status="PASS" start="2024-11-19T17:33:56.655109" elapsed="0.075012"/>
</suite>
<statistics>
<total>
<stat pass="1" fail="0" skip="0">All Tests</stat>
</total>
<tag>
</tag>
<suite>
<stat pass="1" fail="0" skip="0" id="s1" name="Virement Bancaire Datadriver">Virement Bancaire Datadriver</stat>
</suite>
</statistics>
<errors>
<msg time="2024-11-19T17:33:56.715279" level="ERROR">[ DataDriver ] Error in robot file:
  File "C:\Users\Admin\Projects\rbf_book\Sources\tests\section7.6\virement_bancaire_datadriver.robot", line 0</msg>
<msg time="2024-11-19T17:33:56.716059" level="ERROR">In source file:
  File "jdd.xlsx", line 0</msg>
<msg time="2024-11-19T17:33:56.718062" level="ERROR">Calling method '_start_suite' of listener 'DataDriver' failed: FileNotFoundError: File attribute was not a full path. Tried to find C:\Users\Admin\Projects\rbf_book\Sources\tests\section7.6\jdd.xlsx but file does not exist.</msg>
</errors>
</robot>
